prc 3 3 True
prc 3 3 False
prc 3 6 True
prc 3 6 False
prc 3 9 True
prc 3 9 False
prc 3 12 True
prc 3 12 False
prc 6 3 True
prc 6 3 False
prc 6 6 True
prc 6 6 False
prc 6 9 True
prc 6 9 False
prc 6 12 True
prc 6 12 False
prc 9 3 True
prc 9 3 False
prc 9 6 True
prc 9 6 False
prc 9 9 True
prc 9 9 False
prc 9 12 True
prc 9 12 False
prc 12 3 True
prc 12 3 False
prc 12 6 True
prc 12 6 False
prc 12 9 True
prc 12 9 False
prc 12 12 True
prc 12 12 False
cvol 3 3 True
cvol 3 3 False
cvol 3 6 True
cvol 3 6 False
cvol 3 9 True
cvol 3 9 False
cvol 3 12 True
cvol 3 12 False
cvol 6 3 True
cvol 6 3 False
cvol 6 6 True
cvol 6 6 False
cvol 6 9 True
cvol 6 9 False
cvol 6 12 True
cvol 6 12 False
cvol 9 3 True
cvol 9 3 False
cvol 9 6 True
cvol 9 6 False
cvol 9 9 True
cvol 9 9 False
cvol 9 12 True
cvol 9 12 False
cvol 12 3 True
cvol 12 3 False
cvol 12 6 True
cvol 12 6 False
cvol 12 9 True
cvol 12 9 False
cvol 12 12 True
cvol 12 12 False
anal 3 3 True
anal 3 3 False
anal 3 6 True
anal 3 6 False
anal 3 9 True
anal 3 9 False
anal 3 12 True
anal 3 12 False
anal 6 3 True
anal 6 3 False
anal 6 6 True
anal 6 6 False
anal 6 9 True
anal 6 9 False
anal 6 12 True
anal 6 12 False
anal 9 3 True
anal 9 3 False
anal 9 6 True
anal 9 6 False
anal 9 9 True
anal 9 9 False
anal 9 12 True
anal 9 12 False
anal 12 3 True
anal 12 3 False
anal 12 6 True
anal 12 6 False
anal 12 9 True
anal 12 9 False
anal 12 12 True
anal 12 12 False
illiq 3 3 True
illiq 3 3 False
illiq 3 6 True
illiq 3 6 False
illiq 3 9 True
illiq 3 9 False
illiq 3 12 True
illiq 3 12 False
illiq 6 3 True
illiq 6 3 False
illiq 6 6 True
illiq 6 6 False
illiq 6 9 True
illiq 6 9 False
illiq 6 12 True
illiq 6 12 False
illiq 9 3 True
illiq 9 3 False
illiq 9 6 True
illiq 9 6 False
illiq 9 9 True
illiq 9 9 False
illiq 9 12 True
illiq 9 12 False
illiq 12 3 True
illiq 12 3 False
illiq 12 6 True
illiq 12 6 False
illiq 12 9 True
illiq 12 9 False
illiq 12 12 True
illiq 12 12 False
ivol2 3 3 True
ivol2 3 3 False
ivol2 3 6 True
ivol2 3 6 False
ivol2 3 9 True
ivol2 3 9 False
ivol2 3 12 True
ivol2 3 12 False
ivol2 6 3 True
ivol2 6 3 False
ivol2 6 6 True
ivol2 6 6 False
ivol2 6 9 True
ivol2 6 9 False
ivol2 6 12 True
ivol2 6 12 False
ivol2 9 3 True
ivol2 9 3 False
ivol2 9 6 True
ivol2 9 6 False
ivol2 9 9 True
ivol2 9 9 False
ivol2 9 12 True
ivol2 9 12 False
ivol2 12 3 True
ivol2 12 3 False
ivol2 12 6 True
ivol2 12 6 False
ivol2 12 9 True
ivol2 12 9 False
ivol2 12 12 True
ivol2 12 12 False
zero 3 3 True
zero 3 3 False
zero 3 6 True
zero 3 6 False
zero 3 9 True
zero 3 9 False
zero 3 12 True
zero 3 12 False
zero 6 3 True
zero 6 3 False
zero 6 6 True
zero 6 6 False
zero 6 9 True
zero 6 9 False
zero 6 12 True
zero 6 12 False
zero 9 3 True
zero 9 3 False
zero 9 6 True
zero 9 6 False
zero 9 9 True
zero 9 9 False
zero 9 12 True
zero 9 12 False
zero 12 3 True
zero 12 3 False
zero 12 6 True
zero 12 6 False
zero 12 9 True
zero 12 9 False
zero 12 12 True
zero 12 12 False
tvol12 3 3 True
tvol12 3 3 False
tvol12 3 6 True
tvol12 3 6 False
tvol12 3 9 True
tvol12 3 9 False
tvol12 3 12 True
tvol12 3 12 False
tvol12 6 3 True
tvol12 6 3 False
tvol12 6 6 True
tvol12 6 6 False
tvol12 6 9 True
tvol12 6 9 False
tvol12 6 12 True
tvol12 6 12 False
tvol12 9 3 True
tvol12 9 3 False
tvol12 9 6 True
tvol12 9 6 False
tvol12 9 9 True
tvol12 9 9 False
tvol12 9 12 True
tvol12 9 12 False
tvol12 12 3 True
tvol12 12 3 False
tvol12 12 6 True
tvol12 12 6 False
tvol12 12 9 True
tvol12 12 9 False
tvol12 12 12 True
tvol12 12 12 False
ivol1 3 3 True
ivol1 3 3 False
ivol1 3 6 True
ivol1 3 6 False
ivol1 3 9 True
ivol1 3 9 False
ivol1 3 12 True
ivol1 3 12 False
ivol1 6 3 True
ivol1 6 3 False
ivol1 6 6 True
ivol1 6 6 False
ivol1 6 9 True
ivol1 6 9 False
ivol1 6 12 True
ivol1 6 12 False
ivol1 9 3 True
ivol1 9 3 False
ivol1 9 6 True
ivol1 9 6 False
ivol1 9 9 True
ivol1 9 9 False
ivol1 9 12 True
ivol1 9 12 False
ivol1 12 3 True
ivol1 12 3 False
ivol1 12 6 True
ivol1 12 6 False
ivol1 12 9 True
ivol1 12 9 False
ivol1 12 12 True
ivol1 12 12 False
19192.93user 72.05system 49:00.74elapsed 655%CPU (0avgtext+0avgdata 441140maxresident)k
0inputs+4538384outputs (0major+4591803minor)pagefaults 0swaps
